[2021-03-15 11:19:39] [info] Start Program:
Path:"D:\\Facultate\\Anul1\\Semestrul II\\OOP\\Laboratoare\\LAB2-4\\Cheltuieli\\Debug\\Cheltuieli.exe"
Arguments:
Working directory: "D:\\Facultate\\Anul1\\Semestrul II\\OOP\\Laboratoare\\LAB2-4\\Cheltuieli\\Cheltuieli\\"
Modules: Selected: D:\Facultate\Anul1\Semestrul II\OOP\Laboratoare\LAB2-4\Cheltuieli\Debug\Cheltuieli.exe Excluded: 
Sources: Selected: D:\Facultate\Anul1\Semestrul II\OOP\Laboratoare\LAB2-4\Cheltuieli\Cheltuieli Excluded: 
Log Level: Normal
Cover Children: 0
Aggregate by file: 1
Continue after C++ exception: 0
Optimized build support: 0
Export: binary C:\Users\flori\AppData\Local\Temp\p2ho0hat.jzq 
Input coverage: 
Unified diff: 
Excluded line regular expressions: 
Substitute pdb source paths: 

[2021-03-15 11:19:39] [info] Module: D:\Facultate\Anul1\Semestrul II\OOP\Laboratoare\LAB2-4\Cheltuieli\Debug\Cheltuieli.exe is selected because it matches selected pattern: D:\Facultate\Anul1\Semestrul II\OOP\Laboratoare\LAB2-4\Cheltuieli\Debug\Cheltuieli.exe
[2021-03-15 11:19:39] [info] ----------------------------------------------------
[2021-03-15 11:19:39] [info] Coverage binary generated in file: C:\Users\flori\AppData\Local\Temp\p2ho0hat.jzq
[2021-03-15 11:19:39] [info] ----------------------------------------------------
